
Showing logs for build [32mcb-kubecd-environment-pr-1468-7-n4tqn-1[0m stage [32mfrom-build-pack[0m and container [32mstep-credential-initializer-ptlrx[0m
{"level":"info","ts":1588675498.5437825,"logger":"fallback-logger","caller":"logging/config.go:69","msg":"Fetch GitHub commit ID from kodata failed: open /var/run/ko/refs/heads/0.8.0-ns-support: no such file or directory"}
{"level":"info","ts":1588675498.5444956,"logger":"fallback-logger","caller":"creds-init/main.go:40","msg":"Credentials initialized."}

Showing logs for build [32mcb-kubecd-environment-pr-1468-7-n4tqn-1[0m stage [32mfrom-build-pack[0m and container [32mstep-working-dir-initializer-9ft2c[0m
{"level":"info","ts":1588675499.591552,"logger":"fallback-logger","caller":"logging/config.go:69","msg":"Fetch GitHub commit ID from kodata failed: open /var/run/ko/HEAD: no such file or directory"}
{"level":"info","ts":1588675499.5935638,"logger":"fallback-logger","caller":"bash/main.go:64","msg":"Successfully executed command \"sh -c mkdir -p /workspace/source\"; output "}

Showing logs for build [32mcb-kubecd-environment-pr-1468-7-n4tqn-1[0m stage [32mfrom-build-pack[0m and container [32mstep-place-tools[0m

Showing logs for build [32mcb-kubecd-environment-pr-1468-7-n4tqn-1[0m stage [32mfrom-build-pack[0m and container [32mstep-git-source-cb-kubecd-environment-pr-1468-7-n4tqn-b5p46[0m
{"level":"info","ts":1588675502.6939468,"logger":"fallback-logger","caller":"logging/config.go:69","msg":"Fetch GitHub commit ID from kodata failed: open /var/run/ko/refs/heads/0.8.0-ns-support: no such file or directory"}
{"level":"info","ts":1588675503.8378997,"logger":"fallback-logger","caller":"git/git.go:103","msg":"Successfully cloned https://github.com/cb-kubecd/environment-pr-1468-7-bdd-frontend-staging.git @ master in path /workspace/source"}

Showing logs for build [32mcb-kubecd-environment-pr-1468-7-n4tqn-1[0m stage [32mfrom-build-pack[0m and container [32mstep-git-merge[0m
Using SHAs from PULL_REFS=master:23b4a0df8f978b940b762092b1a284ebf019016a,1:75ee558f6d31885db2bb33a3197c959eca755f51
DEBUG: LC_ALL=C JX_LOG_LEVEL=error git fetch origin --unshallow 75ee558f6d31885db2bb33a3197c959eca755f51: 23b4a0df8f978b940b762092b1a284ebf019016a:
DEBUG: ran git fetch --unshallow origin 75ee558f6d31885db2bb33a3197c959eca755f51: 23b4a0df8f978b940b762092b1a284ebf019016a: in 
DEBUG: LC_ALL=C JX_LOG_LEVEL=error git branch
DEBUG: LC_ALL=C JX_LOG_LEVEL=error git checkout master
DEBUG: ran git checkout master in 
DEBUG: LC_ALL=C JX_LOG_LEVEL=error git reset --hard 23b4a0df8f978b940b762092b1a284ebf019016a
DEBUG: ran git reset --hard 23b4a0df8f978b940b762092b1a284ebf019016a in 
DEBUG: LC_ALL=C JX_LOG_LEVEL=error git clean -fd .
DEBUG: ran clean --force -d . in 
DEBUG: LC_ALL=C JX_LOG_LEVEL=error git merge 75ee558f6d31885db2bb33a3197c959eca755f51
DEBUG: ran git merge 75ee558f6d31885db2bb33a3197c959eca755f51 in 
DEBUG: LC_ALL=C JX_LOG_LEVEL=error git log --format=%H%x1f%an%x1f%ae%x1f%cn%x1f%ce%x1f%s%n%b%x1e 23b4a0df8f978b940b762092b1a284ebf019016a..HEAD
Merged SHA 75ee558f6d31885db2bb33a3197c959eca755f51 with commit message 'chore: Promote bdd-nh-1588674505 to version 0.0.1' into base branch master

Showing logs for build [32mcb-kubecd-environment-pr-1468-7-n4tqn-1[0m stage [32mfrom-build-pack[0m and container [32mstep-build-helm-build[0m
WARNING: No $CHART_REPOSITORY defined so using the default value of: http://jenkins-x-chartmuseum:8080
Adding missing Helm repo: storage.googleapis.com https://storage.googleapis.com/chartmuseum.jenkins-x.io
WARNING: No secrets found on "helm/repos" due: reading the secret "helm/repos" from vault: no secret "helm/repos" not found in vault
Read credentials for https://storage.googleapis.com/chartmuseum.jenkins-x.io from vault helm/repos
Successfully added Helm repository storage.googleapis.com.
Adding missing Helm repo: jenkins-x-chartmuseum http://jenkins-x-chartmuseum:8080
WARNING: No secrets found on "helm/repos" due: reading the secret "helm/repos" from vault: no secret "helm/repos" not found in vault
Read credentials for http://jenkins-x-chartmuseum:8080 from vault helm/repos
Successfully added Helm repository jenkins-x-chartmuseum.
WARNING: No $CHART_REPOSITORY defined so using the default value of: http://jenkins-x-chartmuseum:8080
Adding missing Helm repo: chartmuseum.jenkins-x.io http://chartmuseum.jenkins-x.io
WARNING: No secrets found on "helm/repos" due: reading the secret "helm/repos" from vault: no secret "helm/repos" not found in vault
Read credentials for http://chartmuseum.jenkins-x.io from vault helm/repos
Successfully added Helm repository chartmuseum.jenkins-x.io.
